<?xml version="1.0" encoding="UTF-8"?>
<!-- Generated by org.testng.reporters.JUnitReportReporter -->
<testsuite hostname="LAPTOP-4MAD2M2P" failures="0" tests="1" name="testCases.TC03_RegisterTest" time="11.062" errors="0" timestamp="2021-10-13T00:02:14 IST" skipped="0">
  <testcase classname="testCases.TC03_RegisterTest" name="RegisterTest" time="11.062"/>
  <system-out/>
</testsuite> <!-- testCases.TC03_RegisterTest -->
