<?xml version="1.0" encoding="UTF-8"?>
<!-- Generated by org.testng.reporters.JUnitReportReporter -->
<testsuite hostname="LAPTOP-4MAD2M2P" failures="0" tests="1" name="testCases.TC05_AccountOverviewTest" time="14.087" errors="0" timestamp="2021-10-28T23:10:10 IST" skipped="0">
  <testcase classname="testCases.TC05_AccountOverviewTest" name="AccountOverViewTest" time="14.087"/>
  <system-out/>
</testsuite> <!-- testCases.TC05_AccountOverviewTest -->
