<?xml version="1.0" encoding="UTF-8"?>
<!-- Generated by org.testng.reporters.JUnitReportReporter -->
<testsuite hostname="LAPTOP-4MAD2M2P" failures="0" tests="1" name="testCases.TC01_LoginTest" time="10.188" errors="0" timestamp="2021-10-06T23:44:51 IST" skipped="0">
  <testcase classname="testCases.TC01_LoginTest" name="LoginTest" time="10.188"/>
  <system-out/>
</testsuite> <!-- testCases.TC01_LoginTest -->
