<?xml version="1.0" encoding="UTF-8"?>
<!-- Generated by org.testng.reporters.JUnitReportReporter -->
<testsuite hostname="LAPTOP-4MAD2M2P" failures="0" tests="1" name="testCases.TC06_AccountDetailsTest" time="38.230" errors="0" timestamp="2021-10-29T23:14:07 IST" skipped="0">
  <testcase classname="testCases.TC06_AccountDetailsTest" name="AccountDetailsTest" time="38.230"/>
  <system-out/>
</testsuite> <!-- testCases.TC06_AccountDetailsTest -->
