<?xml version="1.0" encoding="UTF-8"?>
<!-- Generated by org.testng.reporters.JUnitReportReporter -->
<testsuite hostname="LAPTOP-4MAD2M2P" failures="0" tests="2" name="testCases.TC03_RegisterTest" time="16.864" errors="0" timestamp="2021-10-18T23:45:14 IST" skipped="0">
  <testcase classname="testCases.TC03_RegisterTest" name="RegisterTest" time="4.521"/>
  <system-out/>
  <testcase classname="testCases.TC03_RegisterTest" name="RegisterTest" time="12.343"/>
  <system-out/>
</testsuite> <!-- testCases.TC03_RegisterTest -->
